<?xml version="1.0" encoding="UTF-8"?>
<!-- Generated by org.testng.reporters.JUnitXMLReporter -->
<testsuite hostname="AZ-EV-SHD-003" name="Default test" tests="4" failures="0" timestamp="12 May 2021 12:01:59 GMT" time="18.788" errors="0">
  <testcase name="userRegister" time="2.755" classname="TestCase.AppTest"/>
  <testcase name="userLogin" time="1.15" classname="TestCase.AppTest"/>
  <testcase name="openAccount" time="4.076" classname="TestCase.AppTest"/>
  <testcase name="verifyAccount" time="0.525" classname="TestCase.AppTest"/>
</testsuite> <!-- Default test -->
